main.obj : error LNK2019: ссылка на неразрешенный внешний символ "__declspec(dllimport) public: __thiscall sf::String::String(char const *,class std::locale const &)" (__imp_??0String@sf@@QAE@PBDABVlocale@std@@@Z) в функции _main.
main.obj : error LNK2019: ссылка на неразрешенный внешний символ "__declspec(dllimport) public: __thiscall sf::String::~String(void)" (__imp_??1String@sf@@QAE@XZ) в функции _main.
main.obj : error LNK2019: ссылка на неразрешенный внешний символ "__declspec(dllimport) public: __thiscall sf::VideoMode::VideoMode(unsigned int,unsigned int,unsigned int)" (__imp_??0VideoMode@sf@@QAE@III@Z) в функции _main.
main.obj : error LNK2019: ссылка на неразрешенный внешний символ "__declspec(dllimport) public: __thiscall sf::Window::Window(class sf::VideoMode,class sf::String const &,unsigned int,struct sf::ContextSettings const &)" (__imp_??0Window@sf@@QAE@VVideoMode@1@ABVString@1@IABUContextSettings@1@@Z) в функции _main.
main.obj : error LNK2019: ссылка на неразрешенный внешний символ "__declspec(dllimport) public: virtual __thiscall sf::Window::~Window(void)" (__imp_??1Window@sf@@UAE@XZ) в функции _main.
main.obj : error LNK2019: ссылка на неразрешенный внешний символ "__declspec(dllimport) public: void __thiscall sf::Window::close(void)" (__imp_?close@Window@sf@@QAEXXZ) в функции _main.
main.obj : error LNK2019: ссылка на неразрешенный внешний символ "__declspec(dllimport) public: bool __thiscall sf::Window::isOpen(void)const " (__imp_?isOpen@Window@sf@@QBE_NXZ) в функции _main.
main.obj : error LNK2019: ссылка на неразрешенный внешний символ "__declspec(dllimport) public: bool __thiscall sf::Window::pollEvent(class sf::Event &)" (__imp_?pollEvent@Window@sf@@QAE_NAAVEvent@2@@Z) в функции _main.
main.obj : error LNK2019: ссылка на неразрешенный внешний символ "__declspec(dllimport) public: void __thiscall sf::Window::setIcon(unsigned int,unsigned int,unsigned char const *)" (__imp_?setIcon@Window@sf@@QAEXIIPBE@Z) в функции "void __cdecl SetIcon(class sf::Window &)" (?SetIcon@@YAXAAVWindow@sf@@@Z).
main.obj : error LNK2019: ссылка на неразрешенный внешний символ "__declspec(dllimport) public: void __thiscall sf::Window::setVerticalSyncEnabled(bool)" (__imp_?setVerticalSyncEnabled@Window@sf@@QAEX_N@Z) в функции _main.
main.obj : error LNK2019: ссылка на неразрешенный внешний символ "__declspec(dllimport) public: bool __thiscall sf::Window::setActive(bool)const " (__imp_?setActive@Window@sf@@QBE_N_N@Z) в функции _main.
main.obj : error LNK2019: ссылка на неразрешенный внешний символ "__declspec(dllimport) public: void __thiscall sf::Window::display(void)" (__imp_?display@Window@sf@@QAEXXZ) в функции _main.
main.obj : error LNK2019: ссылка на неразрешенный внешний символ "__declspec(dllimport) public: __thiscall sf::Color::Color(unsigned char,unsigned char,unsigned char,unsigned char)" (__imp_??0Color@sf@@QAE@EEEE@Z) в функции "void __cdecl SetIcon(class sf::Window &)" (?SetIcon@@YAXAAVWindow@sf@@@Z).
main.obj : error LNK2019: ссылка на неразрешенный внешний символ "__declspec(dllimport) public: __thiscall sf::Image::Image(void)" (__imp_??0Image@sf@@QAE@XZ) в функции "void __cdecl SetIcon(class sf::Window &)" (?SetIcon@@YAXAAVWindow@sf@@@Z).
main.obj : error LNK2019: ссылка на неразрешенный внешний символ "__declspec(dllimport) public: __thiscall sf::Image::~Image(void)" (__imp_??1Image@sf@@QAE@XZ) в функции "void __cdecl SetIcon(class sf::Window &)" (?SetIcon@@YAXAAVWindow@sf@@@Z).
main.obj : error LNK2019: ссылка на неразрешенный внешний символ "__declspec(dllimport) public: void __thiscall sf::Image::create(unsigned int,unsigned int,class sf::Color const &)" (__imp_?create@Image@sf@@QAEXIIABVColor@2@@Z) в функции "void __cdecl SetIcon(class sf::Window &)" (?SetIcon@@YAXAAVWindow@sf@@@Z).
main.obj : error LNK2019: ссылка на неразрешенный внешний символ "__declspec(dllimport) public: class sf::Vector2<unsigned int> __thiscall sf::Image::getSize(void)const " (__imp_?getSize@Image@sf@@QBE?AV?$Vector2@I@2@XZ) в функции "void __cdecl SetIcon(class sf::Window &)" (?SetIcon@@YAXAAVWindow@sf@@@Z).
main.obj : error LNK2019: ссылка на неразрешенный внешний символ "__declspec(dllimport) public: void __thiscall sf::Image::setPixel(unsigned int,unsigned int,class sf::Color const &)" (__imp_?setPixel@Image@sf@@QAEXIIABVColor@2@@Z) в функции "void __cdecl SetIcon(class sf::Window &)" (?SetIcon@@YAXAAVWindow@sf@@@Z).
main.obj : error LNK2019: ссылка на неразрешенный внешний символ "__declspec(dllimport) public: unsigned char const * __thiscall sf::Image::getPixelsPtr(void)const " (__imp_?getPixelsPtr@Image@sf@@QBEPBEXZ) в функции "void __cdecl SetIcon(class sf::Window &)" (?SetIcon@@YAXAAVWindow@sf@@@Z).
C:\Users\amirk\source\repos\square\Glew\lib\Release\x64\glew32.lib : warning LNK4272: тип компьютера библиотеки "x64" конфликтует с типом целевого компьютера "x86"
C:\Users\amirk\source\repos\square\SFML-2.5.1\lib\sfml-system-d.lib : warning LNK4272: тип компьютера библиотеки "x64" конфликтует с типом целевого компьютера "x86"
C:\Users\amirk\source\repos\square\SFML-2.5.1\lib\sfml-window-d.lib : warning LNK4272: тип компьютера библиотеки "x64" конфликтует с типом целевого компьютера "x86"
C:\Users\amirk\source\repos\square\SFML-2.5.1\lib\sfml-graphics-d.lib : warning LNK4272: тип компьютера библиотеки "x64" конфликтует с типом целевого компьютера "x86"
C:\Users\amirk\source\repos\square\SFML-2.5.1\lib\sfml-main-d.lib : warning LNK4272: тип компьютера библиотеки "x64" конфликтует с типом целевого компьютера "x86"
C:\Users\amirk\source\repos\square\Debug\square.exe : fatal error LNK1120: неразрешенных внешних элементов: 19
